<?xml version="1.0" encoding="UTF-8"?>
<!-- Generated by org.testng.reporters.JUnitXMLReporter -->
<testsuite ignored="3" hostname="Apples-MacBook-Pro.local" failures="0" tests="16" name="Regression" time="40.18" errors="0" timestamp="2023-06-13T22:46:20 IST">
  <testcase classname="com.lise.testClasses.UserTest" name="deleteUserTest" time="4.732"/>
  <testcase classname="com.lise.testClasses.UserTest" name="getUserTest" time="0.718"/>
  <testcase classname="com.lise.testClasses.UserTest" name="postUserTest" time="1.732"/>
  <testcase classname="com.lise.testClasses.UserTest" name="putUserTest" time="2.659"/>
  <testcase classname="com.lise.testClasses.PostTest" name="deletePostTest" time="3.069"/>
  <testcase classname="com.lise.testClasses.PostTest" name="getPostTest" time="0.926"/>
  <testcase classname="com.lise.testClasses.PostTest" name="postPostsTest" time="2.658"/>
  <testcase classname="com.lise.testClasses.PostTest" name="putPostTest" time="3.479"/>
  <testcase classname="com.lise.testClasses.CommentTest" name="deleteCommentTest" time="3.173"/>
  <testcase classname="com.lise.testClasses.CommentTest" name="getCommentTest" time="1.027"/>
  <testcase classname="com.lise.testClasses.CommentTest" name="postCommentTest" time="3.29"/>
  <testcase classname="com.lise.testClasses.CommentTest" name="putCommentTest" time="4.157"/>
  <testcase classname="com.lise.testClasses.ToDoTest" name="deleteToDoTest" time="2.786"/>
  <testcase classname="com.lise.testClasses.ToDoTest" name="getToDoTest" time="0.72"/>
  <testcase classname="com.lise.testClasses.ToDoTest" name="postToDoTest" time="2.073"/>
  <testcase classname="com.lise.testClasses.ToDoTest" name="putToDoTest" time="2.936"/>
  <testcase classname="com.lise.BaseClass" name="@BeforeSuite beforeGetUser" time="0.0">
    <ignored/>
  </testcase> <!-- @BeforeSuite beforeGetUser -->
  <testcase classname="com.lise.BaseClass" name="@BeforeSuite beforeGetUser" time="0.0">
    <ignored/>
  </testcase> <!-- @BeforeSuite beforeGetUser -->
  <testcase classname="com.lise.BaseClass" name="@BeforeSuite beforeGetUser" time="0.0">
    <ignored/>
  </testcase> <!-- @BeforeSuite beforeGetUser -->
</testsuite> <!-- Regression -->
