<?xml version="1.0" encoding="UTF-8"?>
<!-- Generated by org.testng.reporters.JUnitXMLReporter -->
<testsuite ignored="7" hostname="Apples-MacBook-Pro.local" failures="0" tests="28" name="Regression" time="86.537" errors="0" timestamp="2023-06-16T17:29:34 IST">
  <testcase classname="com.lise.testClasses.test.UserTest" name="deleteUserTest" time="3.803"/>
  <testcase classname="com.lise.testClasses.test.UserTest" name="getUserTest" time="0.739"/>
  <testcase classname="com.lise.testClasses.test.UserTest" name="postUserTest" time="2.078"/>
  <testcase classname="com.lise.testClasses.test.UserTest" name="putUserTest" time="2.525"/>
  <testcase classname="com.lise.testClasses.test.PostTest" name="deletePostTest" time="3.82"/>
  <testcase classname="com.lise.testClasses.test.PostTest" name="getPostTest" time="1.24"/>
  <testcase classname="com.lise.testClasses.test.PostTest" name="postPostsTest" time="3.345"/>
  <testcase classname="com.lise.testClasses.test.PostTest" name="putPostTest" time="3.728"/>
  <testcase classname="com.lise.testClasses.test.CommentTest" name="deleteCommentTest" time="4.961"/>
  <testcase classname="com.lise.testClasses.test.CommentTest" name="getCommentTest" time="0.651"/>
  <testcase classname="com.lise.testClasses.test.CommentTest" name="postCommentTest" time="4.681"/>
  <testcase classname="com.lise.testClasses.test.CommentTest" name="putCommentTest" time="7.044"/>
  <testcase classname="com.lise.testClasses.test.ToDoTest" name="deleteToDoTest" time="3.141"/>
  <testcase classname="com.lise.testClasses.test.ToDoTest" name="getToDoTest" time="0.979"/>
  <testcase classname="com.lise.testClasses.test.ToDoTest" name="postToDoTest" time="3.558"/>
  <testcase classname="com.lise.testClasses.test.ToDoTest" name="putToDoTest" time="3.486"/>
  <testcase classname="com.lise.testClasses.model.UserTestData" name="getUserTestData" time="0.918"/>
  <testcase classname="com.lise.testClasses.model.UserTestData" name="postUserTestData" time="1.737"/>
  <testcase classname="com.lise.testClasses.model.UserTestData" name="putUserTestData" time="3.208"/>
  <testcase classname="com.lise.testClasses.model.PostTestData" name="getPostTestData" time="0.689"/>
  <testcase classname="com.lise.testClasses.model.PostTestData" name="postPostsTestData" time="3.044"/>
  <testcase classname="com.lise.testClasses.model.PostTestData" name="putPostTestData" time="4.638"/>
  <testcase classname="com.lise.testClasses.model.CommentTestData" name="getCommentTestData" time="0.737"/>
  <testcase classname="com.lise.testClasses.model.CommentTestData" name="postCommentTestData" time="5.554"/>
  <testcase classname="com.lise.testClasses.model.CommentTestData" name="putCommentTest" time="7.022"/>
  <testcase classname="com.lise.testClasses.model.ToDoTestData" name="getToDoTestData" time="0.655"/>
  <testcase classname="com.lise.testClasses.model.ToDoTestData" name="postToDoTestData" time="3.442"/>
  <testcase classname="com.lise.testClasses.model.ToDoTestData" name="putToDoTest" time="5.064"/>
  <testcase classname="com.lise.BaseClass" name="@BeforeSuite beforeGetUser" time="0.0">
    <ignored/>
  </testcase> <!-- @BeforeSuite beforeGetUser -->
  <testcase classname="com.lise.BaseClass" name="@BeforeSuite beforeGetUser" time="0.0">
    <ignored/>
  </testcase> <!-- @BeforeSuite beforeGetUser -->
  <testcase classname="com.lise.BaseClass" name="@BeforeSuite beforeGetUser" time="0.0">
    <ignored/>
  </testcase> <!-- @BeforeSuite beforeGetUser -->
  <testcase classname="com.lise.BaseClass" name="@BeforeSuite beforeGetUser" time="0.0">
    <ignored/>
  </testcase> <!-- @BeforeSuite beforeGetUser -->
  <testcase classname="com.lise.BaseClass" name="@BeforeSuite beforeGetUser" time="0.0">
    <ignored/>
  </testcase> <!-- @BeforeSuite beforeGetUser -->
  <testcase classname="com.lise.BaseClass" name="@BeforeSuite beforeGetUser" time="0.0">
    <ignored/>
  </testcase> <!-- @BeforeSuite beforeGetUser -->
  <testcase classname="com.lise.BaseClass" name="@BeforeSuite beforeGetUser" time="0.0">
    <ignored/>
  </testcase> <!-- @BeforeSuite beforeGetUser -->
</testsuite> <!-- Regression -->
