<?xml version="1.0" encoding="UTF-8"?>
<!-- Generated by org.testng.reporters.JUnitXMLReporter -->
<testsuite ignored="0" hostname="Apples-MacBook-Pro.local" failures="0" tests="5" name="Command line test" time="0.061" errors="0" timestamp="2023-06-03T17:12:00 IST">
  <testcase classname="BaseClass" name="@BeforeSuite beforeGetUser" time="0.187">
    <failure type="java.lang.NoClassDefFoundError" message="Could not initialize class org.codehaus.groovy.reflection.ReflectionCache">
      <![CDATA[java.lang.NoClassDefFoundError: Could not initialize class org.codehaus.groovy.reflection.ReflectionCache
at org.codehaus.groovy.runtime.dgmimpl.NumberNumberMetaMethod.<clinit>(NumberNumberMetaMethod.java:33)
at java.base/jdk.internal.misc.Unsafe.ensureClassInitialized0(Native Method)
at java.base/jdk.internal.misc.Unsafe.ensureClassInitialized(Unsafe.java:1160)
at org.codehaus.groovy.runtime.metaclass.MetaClassRegistryImpl.createMetaMethodFromClass(MetaClassRegistryImpl.java:258)
at org.codehaus.groovy.runtime.metaclass.MetaClassRegistryImpl.<init>(MetaClassRegistryImpl.java:111)
at org.codehaus.groovy.runtime.metaclass.MetaClassRegistryImpl.<init>(MetaClassRegistryImpl.java:86)
at groovy.lang.GroovySystem.<clinit>(GroovySystem.java:36)
at org.codehaus.groovy.runtime.InvokerHelper.<clinit>(InvokerHelper.java:86)
at org.codehaus.groovy.runtime.ScriptBytecodeAdapter.createMap(ScriptBytecodeAdapter.java:635)
at io.restassured.internal.ResponseParserRegistrar.<init>(ResponseParserRegistrar.groovy)
at io.restassured.RestAssured.<clinit>(RestAssured.java:347)
at BaseClass.beforeGetUser(BaseClass.java:15)
Caused by: java.lang.ExceptionInInitializerError: Exception java.lang.NoClassDefFoundError: Could not initialize class org.codehaus.groovy.vmplugin.v7.Java7 [in thread "main"]
at org.codehaus.groovy.vmplugin.VMPluginFactory.<clinit>(VMPluginFactory.java:43)
at org.codehaus.groovy.runtime.metaclass.MetaClassRegistryImpl.registerMethods(MetaClassRegistryImpl.java:210)
at org.codehaus.groovy.runtime.metaclass.MetaClassRegistryImpl.<init>(MetaClassRegistryImpl.java:108)
... 31 more
... Removed 34 stack frames]]>
    </failure>
  </testcase> <!-- @BeforeSuite beforeGetUser -->
  <testcase classname="BaseClass" name="getApplicationProperty" time="0.0">
    <skipped/>
  </testcase> <!-- getApplicationProperty -->
  <testcase classname="TestCases" name="deleteTest" time="0.0">
    <skipped/>
  </testcase> <!-- deleteTest -->
  <testcase classname="TestCases" name="getAllTest" time="0.0">
    <skipped/>
  </testcase> <!-- getAllTest -->
  <testcase classname="TestCases" name="postTest" time="0.0">
    <skipped/>
  </testcase> <!-- postTest -->
  <testcase classname="TestCases" name="updateTest" time="0.0">
    <skipped/>
  </testcase> <!-- updateTest -->
</testsuite> <!-- Command line test -->
