<?xml version="1.0" encoding="UTF-8"?>
<testsuite xmlns:xsi="http://www.w3.org/2001/XMLSchema-instance" xsi:noNamespaceSchemaLocation="https://maven.apache.org/surefire/maven-surefire-plugin/xsd/surefire-test-report-3.0.xsd" version="3.0" name="TestSuite" time="100.11" tests="28" errors="0" skipped="0" failures="0">
  <properties>
[...]
</properties>
  <testcase name="deleteUserTest" classname="com.lise.testClasses.test.UserTest" time="4.922">
    <system-out><![CDATA[Before Suite
]]></system-out>
  </testcase>
  <testcase name="getUserTest" classname="com.lise.testClasses.test.UserTest" time="1.748">
    <system-out><![CDATA[[{"id":2805532,"name":"Baijayanti Banerjee","email":"baijayanti_banerjee@stokes.test","gender":"male","status":"active"},{"id":2805530,"name":"Akshata Kaniyar","email":"kaniyar_akshata@mraz.test","gender":"female","status":"active"},{"id":2805527,"name":"Amb. Shanti Nambeesan","email":"nambeesan_shanti_amb@marquardt.example","gender":"male","status":"inactive"},{"id":2805526,"name":"Pres. Rati Chopra","email":"pres_rati_chopra@wuckert.example","gender":"male","status":"active"},{"id":2805525,"name":"Miss Chandra Nair","email":"miss_nair_chandra@watsica-lockman.example","gender":"male","status":"inactive"},{"id":2805524,"name":"Keerti Malik","email":"malik_keerti@cronin-mertz.test","gender":"female","status":"active"},{"id":2805523,"name":"Diksha Patil","email":"diksha_patil@beer-runolfsson.test","gender":"female","status":"active"},{"id":2805522,"name":"Akshainie Agarwal","email":"akshainie_agarwal@haag.test","gender":"female","status":"active"},{"id":2805521,"name":"Triloki Nath Banerjee I","email":"nath_i_banerjee_triloki@berge.example","gender":"female","status":"inactive"},{"id":2805520,"name":"Kannan Ganaka JD","email":"kannan_ganaka_jd@renner.test","gender":"female","status":"active"}]
]]></system-out>
  </testcase>
  <testcase name="postUserTest" classname="com.lise.testClasses.test.UserTest" time="1.88"/>
  <testcase name="putUserTest" classname="com.lise.testClasses.test.UserTest" time="2.49"/>
  <testcase name="deletePostTest" classname="com.lise.testClasses.test.PostTest" time="3.79"/>
  <testcase name="getPostTest" classname="com.lise.testClasses.test.PostTest" time="1.15"/>
  <testcase name="postPostsTest" classname="com.lise.testClasses.test.PostTest" time="3.433"/>
  <testcase name="putPostTest" classname="com.lise.testClasses.test.PostTest" time="4.139"/>
  <testcase name="deleteCommentTest" classname="com.lise.testClasses.test.CommentTest" time="4.989"/>
  <testcase name="getCommentTest" classname="com.lise.testClasses.test.CommentTest" time="0.697"/>
  <testcase name="postCommentTest" classname="com.lise.testClasses.test.CommentTest" time="5.449"/>
  <testcase name="putCommentTest" classname="com.lise.testClasses.test.CommentTest" time="5.752"/>
  <testcase name="deleteToDoTest" classname="com.lise.testClasses.test.ToDoTest" time="3.06"/>
  <testcase name="getToDoTest" classname="com.lise.testClasses.test.ToDoTest" time="0.953"/>
  <testcase name="postToDoTest" classname="com.lise.testClasses.test.ToDoTest" time="2.913"/>
  <testcase name="putToDoTest" classname="com.lise.testClasses.test.ToDoTest" time="4.991"/>
  <testcase name="getUserTestData" classname="com.lise.testClasses.model.UserTestData" time="1.573"/>
  <testcase name="postUserTestData" classname="com.lise.testClasses.model.UserTestData" time="2.297"/>
  <testcase name="putUserTestData" classname="com.lise.testClasses.model.UserTestData" time="3.703"/>
  <testcase name="getPostTestData" classname="com.lise.testClasses.model.PostTestData" time="0.774"/>
  <testcase name="postPostsTestData" classname="com.lise.testClasses.model.PostTestData" time="4.009"/>
  <testcase name="putPostTestData" classname="com.lise.testClasses.model.PostTestData" time="5.883"/>
  <testcase name="getCommentTestData" classname="com.lise.testClasses.model.CommentTestData" time="1.009"/>
  <testcase name="postCommentTestData" classname="com.lise.testClasses.model.CommentTestData" time="5.119"/>
  <testcase name="putCommentTest" classname="com.lise.testClasses.model.CommentTestData" time="7.712"/>
  <testcase name="getToDoTestData" classname="com.lise.testClasses.model.ToDoTestData" time="0.674"/>
  <testcase name="postToDoTestData" classname="com.lise.testClasses.model.ToDoTestData" time="3.315"/>
  <testcase name="putToDoTest" classname="com.lise.testClasses.model.ToDoTestData" time="5.04"/>
</testsuite>