<?xml version="1.0" encoding="UTF-8"?>
<testng-results ignored="7" total="35" passed="28" failed="0" skipped="0">
  <reporter-output>
  </reporter-output>
  <suite started-at="2023-06-16T19:03:16 IST" name="All Test Suite" finished-at="2023-06-16T19:04:48 IST" duration-ms="92179">
    <groups>
    </groups>
    <test started-at="2023-06-16T19:03:16 IST" name="Regression" finished-at="2023-06-16T19:04:48 IST" duration-ms="92179">
      <class name="com.lise.testClasses.model.CommentTestData">
        <test-method signature="getCommentTestData()[pri:0, instance:com.lise.testClasses.model.CommentTestData@157632c9]" started-at="2023-06-16T19:04:27 IST" name="getCommentTestData" finished-at="2023-06-16T19:04:28 IST" duration-ms="624" status="PASS">
          <reporter-output>
          </reporter-output>
        </test-method> <!-- getCommentTestData -->
        <test-method signature="postCommentTestData()[pri:0, instance:com.lise.testClasses.model.CommentTestData@157632c9]" started-at="2023-06-16T19:04:28 IST" name="postCommentTestData" finished-at="2023-06-16T19:04:33 IST" duration-ms="4929" status="PASS">
          <reporter-output>
          </reporter-output>
        </test-method> <!-- postCommentTestData -->
        <test-method signature="putCommentTest()[pri:0, instance:com.lise.testClasses.model.CommentTestData@157632c9]" started-at="2023-06-16T19:04:33 IST" name="putCommentTest" finished-at="2023-06-16T19:04:39 IST" duration-ms="6610" status="PASS">
          <reporter-output>
          </reporter-output>
        </test-method> <!-- putCommentTest -->
      </class> <!-- com.lise.testClasses.model.CommentTestData -->
      <class name="com.lise.testClasses.test.CommentTest">
        <test-method signature="deleteCommentTest()[pri:0, instance:com.lise.testClasses.test.CommentTest@1e67a849]" started-at="2023-06-16T19:03:40 IST" name="deleteCommentTest" finished-at="2023-06-16T19:03:46 IST" duration-ms="5648" status="PASS">
          <reporter-output>
          </reporter-output>
        </test-method> <!-- deleteCommentTest -->
        <test-method signature="getCommentTest()[pri:0, instance:com.lise.testClasses.test.CommentTest@1e67a849]" started-at="2023-06-16T19:03:46 IST" name="getCommentTest" finished-at="2023-06-16T19:03:47 IST" duration-ms="1021" status="PASS">
          <reporter-output>
          </reporter-output>
        </test-method> <!-- getCommentTest -->
        <test-method signature="postCommentTest()[pri:0, instance:com.lise.testClasses.test.CommentTest@1e67a849]" started-at="2023-06-16T19:03:47 IST" name="postCommentTest" finished-at="2023-06-16T19:03:53 IST" duration-ms="5572" status="PASS">
          <reporter-output>
          </reporter-output>
        </test-method> <!-- postCommentTest -->
        <test-method signature="putCommentTest()[pri:0, instance:com.lise.testClasses.test.CommentTest@1e67a849]" started-at="2023-06-16T19:03:53 IST" name="putCommentTest" finished-at="2023-06-16T19:03:59 IST" duration-ms="6401" status="PASS">
          <reporter-output>
          </reporter-output>
        </test-method> <!-- putCommentTest -->
      </class> <!-- com.lise.testClasses.test.CommentTest -->
      <class name="com.lise.testClasses.test.UserTest">
        <test-method is-config="true" signature="beforeGetUser()[pri:0, instance:com.lise.testClasses.test.UserTest@2ea6137]" started-at="2023-06-16T19:03:15 IST" name="beforeGetUser" finished-at="2023-06-16T19:03:16 IST" duration-ms="1004" status="PASS">
          <reporter-output>
          </reporter-output>
        </test-method> <!-- beforeGetUser -->
        <test-method signature="deleteUserTest()[pri:0, instance:com.lise.testClasses.test.UserTest@2ea6137]" started-at="2023-06-16T19:03:16 IST" name="deleteUserTest" finished-at="2023-06-16T19:03:21 IST" duration-ms="4772" status="PASS">
          <reporter-output>
          </reporter-output>
        </test-method> <!-- deleteUserTest -->
        <test-method signature="getUserTest()[pri:0, instance:com.lise.testClasses.test.UserTest@2ea6137]" started-at="2023-06-16T19:03:21 IST" name="getUserTest" finished-at="2023-06-16T19:03:22 IST" duration-ms="1099" status="PASS">
          <reporter-output>
          </reporter-output>
        </test-method> <!-- getUserTest -->
        <test-method signature="postUserTest()[pri:0, instance:com.lise.testClasses.test.UserTest@2ea6137]" started-at="2023-06-16T19:03:22 IST" name="postUserTest" finished-at="2023-06-16T19:03:24 IST" duration-ms="2180" status="PASS">
          <reporter-output>
          </reporter-output>
        </test-method> <!-- postUserTest -->
        <test-method signature="putUserTest()[pri:0, instance:com.lise.testClasses.test.UserTest@2ea6137]" started-at="2023-06-16T19:03:24 IST" name="putUserTest" finished-at="2023-06-16T19:03:27 IST" duration-ms="3220" status="PASS">
          <reporter-output>
          </reporter-output>
        </test-method> <!-- putUserTest -->
      </class> <!-- com.lise.testClasses.test.UserTest -->
      <class name="com.lise.testClasses.model.PostTestData">
        <test-method signature="getPostTestData()[pri:0, instance:com.lise.testClasses.model.PostTestData@36f0f1be]" started-at="2023-06-16T19:04:18 IST" name="getPostTestData" finished-at="2023-06-16T19:04:19 IST" duration-ms="903" status="PASS">
          <reporter-output>
          </reporter-output>
        </test-method> <!-- getPostTestData -->
        <test-method signature="postPostsTestData()[pri:0, instance:com.lise.testClasses.model.PostTestData@36f0f1be]" started-at="2023-06-16T19:04:19 IST" name="postPostsTestData" finished-at="2023-06-16T19:04:22 IST" duration-ms="2982" status="PASS">
          <reporter-output>
          </reporter-output>
        </test-method> <!-- postPostsTestData -->
        <test-method signature="putPostTestData()[pri:0, instance:com.lise.testClasses.model.PostTestData@36f0f1be]" started-at="2023-06-16T19:04:22 IST" name="putPostTestData" finished-at="2023-06-16T19:04:27 IST" duration-ms="5583" status="PASS">
          <reporter-output>
          </reporter-output>
        </test-method> <!-- putPostTestData -->
      </class> <!-- com.lise.testClasses.model.PostTestData -->
      <class name="com.lise.testClasses.model.ToDoTestData">
        <test-method signature="getToDoTestData()[pri:0, instance:com.lise.testClasses.model.ToDoTestData@6ee12bac]" started-at="2023-06-16T19:04:39 IST" name="getToDoTestData" finished-at="2023-06-16T19:04:40 IST" duration-ms="642" status="PASS">
          <reporter-output>
          </reporter-output>
        </test-method> <!-- getToDoTestData -->
        <test-method signature="postToDoTestData()[pri:0, instance:com.lise.testClasses.model.ToDoTestData@6ee12bac]" started-at="2023-06-16T19:04:40 IST" name="postToDoTestData" finished-at="2023-06-16T19:04:43 IST" duration-ms="3294" status="PASS">
          <reporter-output>
          </reporter-output>
        </test-method> <!-- postToDoTestData -->
        <test-method signature="putToDoTest()[pri:0, instance:com.lise.testClasses.model.ToDoTestData@6ee12bac]" started-at="2023-06-16T19:04:43 IST" name="putToDoTest" finished-at="2023-06-16T19:04:48 IST" duration-ms="4963" status="PASS">
          <reporter-output>
          </reporter-output>
        </test-method> <!-- putToDoTest -->
      </class> <!-- com.lise.testClasses.model.ToDoTestData -->
      <class name="com.lise.testClasses.model.UserTestData">
        <test-method signature="getUserTestData()[pri:0, instance:com.lise.testClasses.model.UserTestData@667a738]" started-at="2023-06-16T19:04:12 IST" name="getUserTestData" finished-at="2023-06-16T19:04:13 IST" duration-ms="1620" status="PASS">
          <reporter-output>
          </reporter-output>
        </test-method> <!-- getUserTestData -->
        <test-method signature="postUserTestData()[pri:0, instance:com.lise.testClasses.model.UserTestData@667a738]" started-at="2023-06-16T19:04:13 IST" name="postUserTestData" finished-at="2023-06-16T19:04:15 IST" duration-ms="1794" status="PASS">
          <reporter-output>
          </reporter-output>
        </test-method> <!-- postUserTestData -->
        <test-method signature="putUserTestData()[pri:0, instance:com.lise.testClasses.model.UserTestData@667a738]" started-at="2023-06-16T19:04:15 IST" name="putUserTestData" finished-at="2023-06-16T19:04:18 IST" duration-ms="2861" status="PASS">
          <reporter-output>
          </reporter-output>
        </test-method> <!-- putUserTestData -->
      </class> <!-- com.lise.testClasses.model.UserTestData -->
      <class name="com.lise.testClasses.test.PostTest">
        <test-method signature="deletePostTest()[pri:0, instance:com.lise.testClasses.test.PostTest@41ee392b]" started-at="2023-06-16T19:03:27 IST" name="deletePostTest" finished-at="2023-06-16T19:03:31 IST" duration-ms="3464" status="PASS">
          <reporter-output>
          </reporter-output>
        </test-method> <!-- deletePostTest -->
        <test-method signature="getPostTest()[pri:0, instance:com.lise.testClasses.test.PostTest@41ee392b]" started-at="2023-06-16T19:03:31 IST" name="getPostTest" finished-at="2023-06-16T19:03:32 IST" duration-ms="879" status="PASS">
          <reporter-output>
          </reporter-output>
        </test-method> <!-- getPostTest -->
        <test-method signature="postPostsTest()[pri:0, instance:com.lise.testClasses.test.PostTest@41ee392b]" started-at="2023-06-16T19:03:32 IST" name="postPostsTest" finished-at="2023-06-16T19:03:35 IST" duration-ms="3609" status="PASS">
          <reporter-output>
          </reporter-output>
        </test-method> <!-- postPostsTest -->
        <test-method signature="putPostTest()[pri:0, instance:com.lise.testClasses.test.PostTest@41ee392b]" started-at="2023-06-16T19:03:35 IST" name="putPostTest" finished-at="2023-06-16T19:03:40 IST" duration-ms="4872" status="PASS">
          <reporter-output>
          </reporter-output>
        </test-method> <!-- putPostTest -->
      </class> <!-- com.lise.testClasses.test.PostTest -->
      <class name="com.lise.testClasses.test.ToDoTest">
        <test-method signature="deleteToDoTest()[pri:0, instance:com.lise.testClasses.test.ToDoTest@57d5872c]" started-at="2023-06-16T19:03:59 IST" name="deleteToDoTest" finished-at="2023-06-16T19:04:03 IST" duration-ms="3601" status="PASS">
          <reporter-output>
          </reporter-output>
        </test-method> <!-- deleteToDoTest -->
        <test-method signature="getToDoTest()[pri:0, instance:com.lise.testClasses.test.ToDoTest@57d5872c]" started-at="2023-06-16T19:04:03 IST" name="getToDoTest" finished-at="2023-06-16T19:04:04 IST" duration-ms="1303" status="PASS">
          <reporter-output>
          </reporter-output>
        </test-method> <!-- getToDoTest -->
        <test-method signature="postToDoTest()[pri:0, instance:com.lise.testClasses.test.ToDoTest@57d5872c]" started-at="2023-06-16T19:04:04 IST" name="postToDoTest" finished-at="2023-06-16T19:04:07 IST" duration-ms="3550" status="PASS">
          <reporter-output>
          </reporter-output>
        </test-method> <!-- postToDoTest -->
        <test-method signature="putToDoTest()[pri:0, instance:com.lise.testClasses.test.ToDoTest@57d5872c]" started-at="2023-06-16T19:04:07 IST" name="putToDoTest" finished-at="2023-06-16T19:04:12 IST" duration-ms="4133" status="PASS">
          <reporter-output>
          </reporter-output>
        </test-method> <!-- putToDoTest -->
      </class> <!-- com.lise.testClasses.test.ToDoTest -->
    </test> <!-- Regression -->
  </suite> <!-- All Test Suite -->
</testng-results>
