<?xml version="1.0" encoding="UTF-8"?>
<!-- Generated by org.testng.reporters.JUnitXMLReporter -->
<testsuite ignored="3" hostname="Apples-MacBook-Pro.local" failures="0" tests="16" name="Surefire test" time="41.627" errors="0" timestamp="2023-06-13T00:14:32 IST">
  <testcase classname="com.lise.testClasses.UserTest" name="deleteUserTest" time="4.291"/>
  <testcase classname="com.lise.testClasses.UserTest" name="getUserTest" time="1.036"/>
  <testcase classname="com.lise.testClasses.UserTest" name="postUserTest" time="2.191"/>
  <testcase classname="com.lise.testClasses.UserTest" name="putUserTest" time="3.095"/>
  <testcase classname="com.lise.testClasses.ToDoTest" name="deleteToDoTest" time="3.08"/>
  <testcase classname="com.lise.testClasses.ToDoTest" name="getToDoTest" time="1.014"/>
  <testcase classname="com.lise.testClasses.ToDoTest" name="postToDoTest" time="1.44"/>
  <testcase classname="com.lise.testClasses.ToDoTest" name="putToDoTest" time="2.552"/>
  <testcase classname="com.lise.testClasses.CommentTest" name="deleteCommentTest" time="3.755"/>
  <testcase classname="com.lise.testClasses.CommentTest" name="getCommentTest" time="0.926"/>
  <testcase classname="com.lise.testClasses.CommentTest" name="postCommentTest" time="3.974"/>
  <testcase classname="com.lise.testClasses.CommentTest" name="putCommentTest" time="4.588"/>
  <testcase classname="com.lise.testClasses.PostTest" name="deletePostTest" time="2.503"/>
  <testcase classname="com.lise.testClasses.PostTest" name="getPostTest" time="0.666"/>
  <testcase classname="com.lise.testClasses.PostTest" name="postPostsTest" time="2.714"/>
  <testcase classname="com.lise.testClasses.PostTest" name="putPostTest" time="3.757"/>
  <testcase classname="com.lise.BaseClass" name="@BeforeSuite beforeGetUser" time="0.0">
    <ignored/>
  </testcase> <!-- @BeforeSuite beforeGetUser -->
  <testcase classname="com.lise.BaseClass" name="@BeforeSuite beforeGetUser" time="0.0">
    <ignored/>
  </testcase> <!-- @BeforeSuite beforeGetUser -->
  <testcase classname="com.lise.BaseClass" name="@BeforeSuite beforeGetUser" time="0.0">
    <ignored/>
  </testcase> <!-- @BeforeSuite beforeGetUser -->
</testsuite> <!-- Surefire test -->
